<?xml version="1.0" encoding="UTF-8"?>
<!-- Generated by org.testng.reporters.JUnitReportReporter -->
<testsuite skipped="0" hostname="WL304683" name="com.restAssured.restapi.PostRequest" tests="1" failures="0" timestamp="12 Jan 2020 13:57:45 GMT" time="3.574" errors="0">
  <testcase name="createEmployee" time="3.574" classname="com.restAssured.restapi.PostRequest"/>
</testsuite> <!-- com.restAssured.restapi.PostRequest -->
