<?xml version="1.0" encoding="UTF-8"?>
<!-- Generated by org.testng.reporters.JUnitReportReporter -->
<testsuite skipped="0" hostname="WL304683" name="com.restAssured.restapi.RestValidationTest" tests="1" failures="0" timestamp="11 Jan 2020 12:11:02 GMT" time="8.583" errors="0">
  <testcase name="restValidation" time="8.583" classname="com.restAssured.restapi.RestValidationTest"/>
</testsuite> <!-- com.restAssured.restapi.RestValidationTest -->
