<?xml version="1.0" encoding="UTF-8"?>
<!-- Generated by org.testng.reporters.JUnitReportReporter -->
<testsuite skipped="0" hostname="WL304683" name="com.restAssured.restapi.GetSingleResorceNotFound" tests="1" failures="0" timestamp="11 Jan 2020 12:55:46 GMT" time="4.175" errors="0">
  <testcase name="restValidation" time="4.175" classname="com.restAssured.restapi.GetSingleResorceNotFound"/>
</testsuite> <!-- com.restAssured.restapi.GetSingleResorceNotFound -->
