<?xml version="1.0" encoding="UTF-8"?>
<!-- Generated by org.testng.reporters.JUnitReportReporter -->
<testsuite skipped="0" hostname="WL304683" name="com.restAssured.restapi.PostUser" tests="1" failures="0" timestamp="16 Jan 2020 09:12:21 GMT" time="3.920" errors="0">
  <testcase name="createNewUser" time="3.920" classname="com.restAssured.restapi.PostUser"/>
</testsuite> <!-- com.restAssured.restapi.PostUser -->
