<?xml version="1.0" encoding="UTF-8"?>
<!-- Generated by org.testng.reporters.JUnitReportReporter -->
<testsuite skipped="0" hostname="WL304683" name="com.restAssured.restapi.GetListResorces" tests="1" failures="0" timestamp="16 Jan 2020 09:06:45 GMT" time="7.120" errors="0">
  <testcase name="restValidation" time="7.120" classname="com.restAssured.restapi.GetListResorces"/>
</testsuite> <!-- com.restAssured.restapi.GetListResorces -->
